<?xml version="1.0" encoding="UTF-8"?>
<!-- Generated by org.testng.reporters.JUnitXMLReporter -->
<testsuite ignored="0" hostname="LAPTOP-DD8S79MB" failures="0" tests="5" name="Default test" time="5.432" errors="0" timestamp="2021-08-30T13:53:49 IST">
  <testcase classname="seltestngbasic.LoginTestCases" name="login" time="0.272"/>
  <testcase classname="seltestngbasic.LoginTestCases" name="login" time="0.204"/>
  <testcase classname="seltestngbasic.LoginTestCases" name="login" time="0.186"/>
  <testcase classname="seltestngbasic.LoginTestCases" name="login" time="0.192"/>
  <testcase classname="seltestngbasic.LoginTestCases" name="login" time="1.457"/>
</testsuite> <!-- Default test -->
