<?xml version="1.0" encoding="UTF-8"?>
<!-- Generated by org.testng.reporters.JUnitXMLReporter -->
<testsuite ignored="0" hostname="LAPTOP-DD8S79MB" failures="0" tests="5" name="Default test" time="7.082" errors="0" timestamp="2021-09-14T15:11:34 IST">
  <testcase classname="seltestngbasic.LoginTestCases" name="login" time="0.495"/>
  <testcase classname="seltestngbasic.LoginTestCases" name="login" time="0.368"/>
  <testcase classname="seltestngbasic.LoginTestCases" name="login" time="0.337"/>
  <testcase classname="seltestngbasic.LoginTestCases" name="login" time="0.346"/>
  <testcase classname="seltestngbasic.LoginTestCases" name="login" time="1.629"/>
</testsuite> <!-- Default test -->
